{"uuid":"5f6da11a-d885-44b3-9df4-aa80f0ba7e54","historyId":"fd06f7785432793976232a5debb8465d","fullName":"com.automationexercise.tests.TestCase24.downloadInvoiceAfterPurchaseOrder","labels":[{"name":"package","value":"com.automationexercise.tests.TestCase24"},{"name":"testClass","value":"com.automationexercise.tests.TestCase24"},{"name":"testMethod","value":"downloadInvoiceAfterPurchaseOrder"},{"name":"parentSuite","value":"Suite"},{"name":"suite","value":"Test"},{"name":"subSuite","value":"com.automationexercise.tests.TestCase24"},{"name":"host","value":"MOSS-E3-28"},{"name":"thread","value":"20000@MOSS-E3-28.TestNG-test=Test-1(71)"},{"name":"framework","value":"testng"},{"name":"language","value":"java"},{"name":"story","value":"Download Invoice after purchase order"},{"name":"epic","value":"Regression Tests"},{"name":"feature","value":"Invoice"},{"name":"severity","value":"critical"}],"links":[],"name":"Test Case 24: Download Invoice after purchase order","status":"failed","statusDetails":{"known":false,"muted":false,"flaky":false,"message":"java.lang.AssertionError","trace":"java.lang.AssertionError\r\n\tat com.automationexercise.utils.VerifyDownload.isFileDownloaded(VerifyDownload.java:23)\r\n\tat com.automationexercise.tests.TestCase24.clickDownloadInvoiceButtonAndVerifyInvoiceIsDownloadedSuccessfully(TestCase24.java:61)\r\n\tat com.automationexercise.tests.TestCase24.downloadInvoiceAfterPurchaseOrder(TestCase24.java:53)\r\n\tat java.base/jdk.internal.reflect.DirectMethodHandleAccessor.invoke(DirectMethodHandleAccessor.java:103)\r\n\tat java.base/java.lang.reflect.Method.invoke(Method.java:580)\r\n\tat org.testng.internal.invokers.MethodInvocationHelper.invokeMethod(MethodInvocationHelper.java:139)\r\n\tat org.testng.internal.invokers.TestInvoker.invokeMethod(TestInvoker.java:677)\r\n\tat org.testng.internal.invokers.TestInvoker.invokeTestMethod(TestInvoker.java:221)\r\n\tat org.testng.internal.invokers.MethodRunner.runInSequence(MethodRunner.java:50)\r\n\tat org.testng.internal.invokers.TestInvoker$MethodInvocationAgent.invoke(TestInvoker.java:969)\r\n\tat org.testng.internal.invokers.TestInvoker.invokeTestMethods(TestInvoker.java:194)\r\n\tat org.testng.internal.invokers.TestMethodWorker.invokeTestMethods(TestMethodWorker.java:148)\r\n\tat org.testng.internal.invokers.TestMethodWorker.run(TestMethodWorker.java:128)\r\n\tat java.base/java.util.concurrent.ThreadPoolExecutor.runWorker(ThreadPoolExecutor.java:1144)\r\n\tat java.base/java.util.concurrent.ThreadPoolExecutor$Worker.run(ThreadPoolExecutor.java:642)\r\n\tat java.base/java.lang.Thread.run(Thread.java:1570)\r\n"},"stage":"finished","description":"1. Launch browser\n2. Navigate to url 'http://automationexercise.com'\n3. Verify that home page is visible successfully\n4. Add products to cart\n5. Click 'Cart' button\n6. Verify that cart page is displayed\n7. Click Proceed To Checkout\n8. Click 'Register / Login' button\n9. Fill all details in Signup and create account\n10. Verify 'ACCOUNT CREATED!' and click 'Continue' button\n11. Verify ' Logged in as username' at top\n12. Click 'Cart' button\n13. Click 'Proceed To Checkout' button\n14. Verify Address Details and Review Your Order\n15. Enter description in comment text area and click 'Place Order'\n16. Enter payment details: Name on Card, Card Number, CVC, Expiration date\n17. Click 'Pay and Confirm Order' button\n18. Verify success message 'Congratulations! Your order has been confirmed!'\n19. Click 'Download Invoice' button and verify invoice is downloaded successfully\n20. Click 'Continue' button\n21. Click 'Delete Account' button\n22. Verify 'ACCOUNT DELETED!' and click 'Continue' button","steps":[{"name":"Verify that home page is visible successfully","status":"passed","stage":"finished","steps":[],"attachments":[],"parameters":[],"start":1733393259743,"stop":1733393259760},{"name":"Verify that cart page is displayed","status":"passed","stage":"finished","steps":[],"attachments":[],"parameters":[],"start":1733393259761,"stop":1733393262756},{"name":"Verify 'ACCOUNT CREATED!' and click 'Continue' button","status":"passed","stage":"finished","steps":[],"attachments":[],"parameters":[{"name":"name","value":"name05122024110345657"},{"name":"email","value":"email05122024110345657@o2.pl"}],"start":1733393262756,"stop":1733393269298},{"name":"Verify ' Logged in as username' at top","status":"passed","stage":"finished","steps":[],"attachments":[],"parameters":[{"name":"name","value":"name05122024110345657"}],"start":1733393269298,"stop":1733393269305},{"name":"Verify Address Details and Review Your Order","status":"passed","stage":"finished","steps":[],"attachments":[],"parameters":[],"start":1733393269305,"stop":1733393271354},{"name":"Verify success message 'Congratulations! Your order has been confirmed!'","status":"passed","stage":"finished","steps":[],"attachments":[],"parameters":[],"start":1733393271354,"stop":1733393274484},{"name":"Click 'Download Invoice' button and verify invoice is downloaded successfully","status":"failed","statusDetails":{"known":false,"muted":false,"flaky":false,"message":"java.lang.AssertionError","trace":"java.lang.AssertionError\r\n\tat com.automationexercise.utils.VerifyDownload.isFileDownloaded(VerifyDownload.java:23)\r\n\tat com.automationexercise.tests.TestCase24.clickDownloadInvoiceButtonAndVerifyInvoiceIsDownloadedSuccessfully(TestCase24.java:61)\r\n\tat com.automationexercise.tests.TestCase24.downloadInvoiceAfterPurchaseOrder(TestCase24.java:53)\r\n\tat java.base/jdk.internal.reflect.DirectMethodHandleAccessor.invoke(DirectMethodHandleAccessor.java:103)\r\n\tat java.base/java.lang.reflect.Method.invoke(Method.java:580)\r\n\tat org.testng.internal.invokers.MethodInvocationHelper.invokeMethod(MethodInvocationHelper.java:139)\r\n\tat org.testng.internal.invokers.TestInvoker.invokeMethod(TestInvoker.java:677)\r\n\tat org.testng.internal.invokers.TestInvoker.invokeTestMethod(TestInvoker.java:221)\r\n\tat org.testng.internal.invokers.MethodRunner.runInSequence(MethodRunner.java:50)\r\n\tat org.testng.internal.invokers.TestInvoker$MethodInvocationAgent.invoke(TestInvoker.java:969)\r\n\tat org.testng.internal.invokers.TestInvoker.invokeTestMethods(TestInvoker.java:194)\r\n\tat org.testng.internal.invokers.TestMethodWorker.invokeTestMethods(TestMethodWorker.java:148)\r\n\tat org.testng.internal.invokers.TestMethodWorker.run(TestMethodWorker.java:128)\r\n\tat java.base/java.util.concurrent.ThreadPoolExecutor.runWorker(ThreadPoolExecutor.java:1144)\r\n\tat java.base/java.util.concurrent.ThreadPoolExecutor$Worker.run(ThreadPoolExecutor.java:642)\r\n\tat java.base/java.lang.Thread.run(Thread.java:1570)\r\n"},"stage":"finished","steps":[],"attachments":[],"parameters":[],"start":1733393274484,"stop":1733393279719}],"attachments":[],"parameters":[],"start":1733393259743,"stop":1733393279719}