{"uuid":"714ef042-8223-405b-be96-faf66e47c6ee","historyId":"fd06f7785432793976232a5debb8465d","fullName":"com.automationexercise.tests.TestCase24.downloadInvoiceAfterPurchaseOrder","labels":[{"name":"package","value":"com.automationexercise.tests.TestCase24"},{"name":"testClass","value":"com.automationexercise.tests.TestCase24"},{"name":"testMethod","value":"downloadInvoiceAfterPurchaseOrder"},{"name":"parentSuite","value":"Suite"},{"name":"suite","value":"Test"},{"name":"subSuite","value":"com.automationexercise.tests.TestCase24"},{"name":"host","value":"MOSS-E3-28"},{"name":"thread","value":"27576@MOSS-E3-28.TestNG-test=Test-1(70)"},{"name":"framework","value":"testng"},{"name":"language","value":"java"},{"name":"story","value":"Download Invoice after purchase order"},{"name":"epic","value":"Regression Tests"},{"name":"feature","value":"Invoice"},{"name":"severity","value":"critical"}],"links":[],"name":"Test Case 24: Download Invoice after purchase order","status":"broken","statusDetails":{"known":false,"muted":false,"flaky":false,"message":"Element <select id=\"days\" class=\"form-control\" name=\"days\"> is not clickable at point (251,637) because another element <iframe id=\"aswift_1\" name=\"aswift_1\" src=\"https://googleads.g.doubleclick.net/pagead/html/r20241209/r20190131/zrt_lookup_fy2021.html#RS-0-&adk=1812271801&client=ca-pub-1677597403311019&fa=1&ifi=2&uci=a!2&btvi=1\"> obscures it\nBuild info: version: '4.9.0', revision: 'd7057100a6'\nSystem info: os.name: 'Windows 11', os.arch: 'amd64', os.version: '10.0', java.version: '22.0.1'\nDriver info: org.openqa.selenium.firefox.FirefoxDriver\nCommand: [7ac90ae2-4308-4a5e-a90f-8e454de186f9, clickElement {id=28b1aea5-3f0e-4a4b-b5bf-5f8e662bc7e8}]\nCapabilities {acceptInsecureCerts: true, browserName: firefox, browserVersion: 132.0.1, moz:accessibilityChecks: false, moz:buildID: 20241103194048, moz:geckodriverVersion: 0.35.0, moz:headless: true, moz:platformVersion: 10.0, moz:processID: 21620, moz:profile: C:\\Users\\122100~1.MOS\\AppDa..., moz:shutdownTimeout: 60000, moz:webdriverClick: true, moz:windowless: false, pageLoadStrategy: normal, platformName: WINDOWS, proxy: Proxy(), setWindowRect: true, strictFileInteractability: false, timeouts: {implicit: 0, pageLoad: 300000, script: 30000}, unhandledPromptBehavior: dismiss and notify, userAgent: Mozilla/5.0 (Windows NT 10....}\nElement: [[[[FirefoxDriver: firefox on WINDOWS (7ac90ae2-4308-4a5e-a90f-8e454de186f9)] -> id: days]] -> xpath: .//option[@value = \"1\"]]\nSession ID: 7ac90ae2-4308-4a5e-a90f-8e454de186f9","trace":"org.openqa.selenium.ElementClickInterceptedException: Element <select id=\"days\" class=\"form-control\" name=\"days\"> is not clickable at point (251,637) because another element <iframe id=\"aswift_1\" name=\"aswift_1\" src=\"https://googleads.g.doubleclick.net/pagead/html/r20241209/r20190131/zrt_lookup_fy2021.html#RS-0-&adk=1812271801&client=ca-pub-1677597403311019&fa=1&ifi=2&uci=a!2&btvi=1\"> obscures it\nBuild info: version: '4.9.0', revision: 'd7057100a6'\nSystem info: os.name: 'Windows 11', os.arch: 'amd64', os.version: '10.0', java.version: '22.0.1'\nDriver info: org.openqa.selenium.firefox.FirefoxDriver\nCommand: [7ac90ae2-4308-4a5e-a90f-8e454de186f9, clickElement {id=28b1aea5-3f0e-4a4b-b5bf-5f8e662bc7e8}]\nCapabilities {acceptInsecureCerts: true, browserName: firefox, browserVersion: 132.0.1, moz:accessibilityChecks: false, moz:buildID: 20241103194048, moz:geckodriverVersion: 0.35.0, moz:headless: true, moz:platformVersion: 10.0, moz:processID: 21620, moz:profile: C:\\Users\\122100~1.MOS\\AppDa..., moz:shutdownTimeout: 60000, moz:webdriverClick: true, moz:windowless: false, pageLoadStrategy: normal, platformName: WINDOWS, proxy: Proxy(), setWindowRect: true, strictFileInteractability: false, timeouts: {implicit: 0, pageLoad: 300000, script: 30000}, unhandledPromptBehavior: dismiss and notify, userAgent: Mozilla/5.0 (Windows NT 10....}\nElement: [[[[FirefoxDriver: firefox on WINDOWS (7ac90ae2-4308-4a5e-a90f-8e454de186f9)] -> id: days]] -> xpath: .//option[@value = \"1\"]]\nSession ID: 7ac90ae2-4308-4a5e-a90f-8e454de186f9\r\n\tat java.base/jdk.internal.reflect.DirectConstructorHandleAccessor.newInstance(DirectConstructorHandleAccessor.java:62)\r\n\tat java.base/java.lang.reflect.Constructor.newInstanceWithCaller(Constructor.java:502)\r\n\tat java.base/java.lang.reflect.Constructor.newInstance(Constructor.java:486)\r\n\tat org.openqa.selenium.remote.codec.w3c.W3CHttpResponseCodec.createException(W3CHttpResponseCodec.java:200)\r\n\tat org.openqa.selenium.remote.codec.w3c.W3CHttpResponseCodec.decode(W3CHttpResponseCodec.java:133)\r\n\tat org.openqa.selenium.remote.codec.w3c.W3CHttpResponseCodec.decode(W3CHttpResponseCodec.java:53)\r\n\tat org.openqa.selenium.remote.HttpCommandExecutor.execute(HttpCommandExecutor.java:193)\r\n\tat org.openqa.selenium.remote.service.DriverCommandExecutor.invokeExecute(DriverCommandExecutor.java:183)\r\n\tat org.openqa.selenium.remote.service.DriverCommandExecutor.execute(DriverCommandExecutor.java:158)\r\n\tat org.openqa.selenium.remote.RemoteWebDriver.execute(RemoteWebDriver.java:543)\r\n\tat org.openqa.selenium.remote.RemoteWebElement.execute(RemoteWebElement.java:257)\r\n\tat org.openqa.selenium.remote.RemoteWebElement.click(RemoteWebElement.java:78)\r\n\tat org.openqa.selenium.support.ui.Select.setSelected(Select.java:320)\r\n\tat org.openqa.selenium.support.ui.Select.selectByValue(Select.java:195)\r\n\tat com.automationexercise.pages.EnterAccountInformationPage.fillAccountDetails(EnterAccountInformationPage.java:90)\r\n\tat com.automationexercise.tests.TestCase14.verifyAccountCreatedAndClickContinueButton(TestCase14.java:69)\r\n\tat com.automationexercise.tests.TestCase24.downloadInvoiceAfterPurchaseOrder(TestCase24.java:49)\r\n\tat java.base/jdk.internal.reflect.DirectMethodHandleAccessor.invoke(DirectMethodHandleAccessor.java:103)\r\n\tat java.base/java.lang.reflect.Method.invoke(Method.java:580)\r\n\tat org.testng.internal.invokers.MethodInvocationHelper.invokeMethod(MethodInvocationHelper.java:139)\r\n\tat org.testng.internal.invokers.TestInvoker.invokeMethod(TestInvoker.java:677)\r\n\tat org.testng.internal.invokers.TestInvoker.invokeTestMethod(TestInvoker.java:221)\r\n\tat org.testng.internal.invokers.MethodRunner.runInSequence(MethodRunner.java:50)\r\n\tat org.testng.internal.invokers.TestInvoker$MethodInvocationAgent.invoke(TestInvoker.java:969)\r\n\tat org.testng.internal.invokers.TestInvoker.invokeTestMethods(TestInvoker.java:194)\r\n\tat org.testng.internal.invokers.TestMethodWorker.invokeTestMethods(TestMethodWorker.java:148)\r\n\tat org.testng.internal.invokers.TestMethodWorker.run(TestMethodWorker.java:128)\r\n\tat java.base/java.util.concurrent.ThreadPoolExecutor.runWorker(ThreadPoolExecutor.java:1144)\r\n\tat java.base/java.util.concurrent.ThreadPoolExecutor$Worker.run(ThreadPoolExecutor.java:642)\r\n\tat java.base/java.lang.Thread.run(Thread.java:1570)\r\n"},"stage":"finished","description":"1. Launch browser\n2. Navigate to url 'http://automationexercise.com'\n3. Verify that home page is visible successfully\n4. Add products to cart\n5. Click 'Cart' button\n6. Verify that cart page is displayed\n7. Click Proceed To Checkout\n8. Click 'Register / Login' button\n9. Fill all details in Signup and create account\n10. Verify 'ACCOUNT CREATED!' and click 'Continue' button\n11. Verify ' Logged in as username' at top\n12. Click 'Cart' button\n13. Click 'Proceed To Checkout' button\n14. Verify Address Details and Review Your Order\n15. Enter description in comment text area and click 'Place Order'\n16. Enter payment details: Name on Card, Card Number, CVC, Expiration date\n17. Click 'Pay and Confirm Order' button\n18. Verify success message 'Congratulations! Your order has been confirmed!'\n19. Click 'Download Invoice' button and verify invoice is downloaded successfully\n20. Click 'Continue' button\n21. Click 'Delete Account' button\n22. Verify 'ACCOUNT DELETED!' and click 'Continue' button","steps":[{"name":"Verify that home page is visible successfully","status":"passed","stage":"finished","steps":[],"attachments":[],"parameters":[],"start":1733923134879,"stop":1733923134901},{"name":"Verify that cart page is displayed","status":"passed","stage":"finished","steps":[],"attachments":[],"parameters":[],"start":1733923134901,"stop":1733923137149},{"name":"Verify 'ACCOUNT CREATED!' and click 'Continue' button","status":"broken","statusDetails":{"known":false,"muted":false,"flaky":false,"message":"Element <select id=\"days\" class=\"form-control\" name=\"days\"> is not clickable at point (251,637) because another element <iframe id=\"aswift_1\" name=\"aswift_1\" src=\"https://googleads.g.doubleclick.net/pagead/html/r20241209/r20190131/zrt_lookup_fy2021.html#RS-0-&adk=1812271801&client=ca-pub-1677597403311019&fa=1&ifi=2&uci=a!2&btvi=1\"> obscures it\nBuild info: version: '4.9.0', revision: 'd7057100a6'\nSystem info: os.name: 'Windows 11', os.arch: 'amd64', os.version: '10.0', java.version: '22.0.1'\nDriver info: org.openqa.selenium.firefox.FirefoxDriver\nCommand: [7ac90ae2-4308-4a5e-a90f-8e454de186f9, clickElement {id=28b1aea5-3f0e-4a4b-b5bf-5f8e662bc7e8}]\nCapabilities {acceptInsecureCerts: true, browserName: firefox, browserVersion: 132.0.1, moz:accessibilityChecks: false, moz:buildID: 20241103194048, moz:geckodriverVersion: 0.35.0, moz:headless: true, moz:platformVersion: 10.0, moz:processID: 21620, moz:profile: C:\\Users\\122100~1.MOS\\AppDa..., moz:shutdownTimeout: 60000, moz:webdriverClick: true, moz:windowless: false, pageLoadStrategy: normal, platformName: WINDOWS, proxy: Proxy(), setWindowRect: true, strictFileInteractability: false, timeouts: {implicit: 0, pageLoad: 300000, script: 30000}, unhandledPromptBehavior: dismiss and notify, userAgent: Mozilla/5.0 (Windows NT 10....}\nElement: [[[[FirefoxDriver: firefox on WINDOWS (7ac90ae2-4308-4a5e-a90f-8e454de186f9)] -> id: days]] -> xpath: .//option[@value = \"1\"]]\nSession ID: 7ac90ae2-4308-4a5e-a90f-8e454de186f9","trace":"org.openqa.selenium.ElementClickInterceptedException: Element <select id=\"days\" class=\"form-control\" name=\"days\"> is not clickable at point (251,637) because another element <iframe id=\"aswift_1\" name=\"aswift_1\" src=\"https://googleads.g.doubleclick.net/pagead/html/r20241209/r20190131/zrt_lookup_fy2021.html#RS-0-&adk=1812271801&client=ca-pub-1677597403311019&fa=1&ifi=2&uci=a!2&btvi=1\"> obscures it\nBuild info: version: '4.9.0', revision: 'd7057100a6'\nSystem info: os.name: 'Windows 11', os.arch: 'amd64', os.version: '10.0', java.version: '22.0.1'\nDriver info: org.openqa.selenium.firefox.FirefoxDriver\nCommand: [7ac90ae2-4308-4a5e-a90f-8e454de186f9, clickElement {id=28b1aea5-3f0e-4a4b-b5bf-5f8e662bc7e8}]\nCapabilities {acceptInsecureCerts: true, browserName: firefox, browserVersion: 132.0.1, moz:accessibilityChecks: false, moz:buildID: 20241103194048, moz:geckodriverVersion: 0.35.0, moz:headless: true, moz:platformVersion: 10.0, moz:processID: 21620, moz:profile: C:\\Users\\122100~1.MOS\\AppDa..., moz:shutdownTimeout: 60000, moz:webdriverClick: true, moz:windowless: false, pageLoadStrategy: normal, platformName: WINDOWS, proxy: Proxy(), setWindowRect: true, strictFileInteractability: false, timeouts: {implicit: 0, pageLoad: 300000, script: 30000}, unhandledPromptBehavior: dismiss and notify, userAgent: Mozilla/5.0 (Windows NT 10....}\nElement: [[[[FirefoxDriver: firefox on WINDOWS (7ac90ae2-4308-4a5e-a90f-8e454de186f9)] -> id: days]] -> xpath: .//option[@value = \"1\"]]\nSession ID: 7ac90ae2-4308-4a5e-a90f-8e454de186f9\r\n\tat java.base/jdk.internal.reflect.DirectConstructorHandleAccessor.newInstance(DirectConstructorHandleAccessor.java:62)\r\n\tat java.base/java.lang.reflect.Constructor.newInstanceWithCaller(Constructor.java:502)\r\n\tat java.base/java.lang.reflect.Constructor.newInstance(Constructor.java:486)\r\n\tat org.openqa.selenium.remote.codec.w3c.W3CHttpResponseCodec.createException(W3CHttpResponseCodec.java:200)\r\n\tat org.openqa.selenium.remote.codec.w3c.W3CHttpResponseCodec.decode(W3CHttpResponseCodec.java:133)\r\n\tat org.openqa.selenium.remote.codec.w3c.W3CHttpResponseCodec.decode(W3CHttpResponseCodec.java:53)\r\n\tat org.openqa.selenium.remote.HttpCommandExecutor.execute(HttpCommandExecutor.java:193)\r\n\tat org.openqa.selenium.remote.service.DriverCommandExecutor.invokeExecute(DriverCommandExecutor.java:183)\r\n\tat org.openqa.selenium.remote.service.DriverCommandExecutor.execute(DriverCommandExecutor.java:158)\r\n\tat org.openqa.selenium.remote.RemoteWebDriver.execute(RemoteWebDriver.java:543)\r\n\tat org.openqa.selenium.remote.RemoteWebElement.execute(RemoteWebElement.java:257)\r\n\tat org.openqa.selenium.remote.RemoteWebElement.click(RemoteWebElement.java:78)\r\n\tat org.openqa.selenium.support.ui.Select.setSelected(Select.java:320)\r\n\tat org.openqa.selenium.support.ui.Select.selectByValue(Select.java:195)\r\n\tat com.automationexercise.pages.EnterAccountInformationPage.fillAccountDetails(EnterAccountInformationPage.java:90)\r\n\tat com.automationexercise.tests.TestCase14.verifyAccountCreatedAndClickContinueButton(TestCase14.java:69)\r\n\tat com.automationexercise.tests.TestCase24.downloadInvoiceAfterPurchaseOrder(TestCase24.java:49)\r\n\tat java.base/jdk.internal.reflect.DirectMethodHandleAccessor.invoke(DirectMethodHandleAccessor.java:103)\r\n\tat java.base/java.lang.reflect.Method.invoke(Method.java:580)\r\n\tat org.testng.internal.invokers.MethodInvocationHelper.invokeMethod(MethodInvocationHelper.java:139)\r\n\tat org.testng.internal.invokers.TestInvoker.invokeMethod(TestInvoker.java:677)\r\n\tat org.testng.internal.invokers.TestInvoker.invokeTestMethod(TestInvoker.java:221)\r\n\tat org.testng.internal.invokers.MethodRunner.runInSequence(MethodRunner.java:50)\r\n\tat org.testng.internal.invokers.TestInvoker$MethodInvocationAgent.invoke(TestInvoker.java:969)\r\n\tat org.testng.internal.invokers.TestInvoker.invokeTestMethods(TestInvoker.java:194)\r\n\tat org.testng.internal.invokers.TestMethodWorker.invokeTestMethods(TestMethodWorker.java:148)\r\n\tat org.testng.internal.invokers.TestMethodWorker.run(TestMethodWorker.java:128)\r\n\tat java.base/java.util.concurrent.ThreadPoolExecutor.runWorker(ThreadPoolExecutor.java:1144)\r\n\tat java.base/java.util.concurrent.ThreadPoolExecutor$Worker.run(ThreadPoolExecutor.java:642)\r\n\tat java.base/java.lang.Thread.run(Thread.java:1570)\r\n"},"stage":"finished","steps":[],"attachments":[],"parameters":[{"name":"name","value":"name11122024141515715"},{"name":"email","value":"email11122024141515715@o2.pl"}],"start":1733923137149,"stop":1733923140564}],"attachments":[],"parameters":[],"start":1733923134879,"stop":1733923140564}