{"uuid":"88a3c7ab-8893-4153-a405-eb90f873fca3","historyId":"e201d36f79d3ed737a0a0dc8c603acd0","fullName":"com.automationexercise.tests.TestCase7.verifyTestCasesPage","labels":[{"name":"package","value":"com.automationexercise.tests.TestCase7"},{"name":"testClass","value":"com.automationexercise.tests.TestCase7"},{"name":"testMethod","value":"verifyTestCasesPage"},{"name":"parentSuite","value":"Suite"},{"name":"suite","value":"Test"},{"name":"subSuite","value":"com.automationexercise.tests.TestCase7"},{"name":"host","value":"MOSS-E3-28"},{"name":"thread","value":"20832@MOSS-E3-28.TestNG-test=Test-1(71)"},{"name":"framework","value":"testng"},{"name":"language","value":"java"},{"name":"story","value":"Verify Test Cases Page"},{"name":"epic","value":"Regression Tests"},{"name":"feature","value":"Verify"},{"name":"severity","value":"trivial"}],"links":[],"name":"Test Case 7: Verify Test Cases Page","status":"failed","statusDetails":{"known":false,"muted":false,"flaky":false,"message":"Verify user is navigated to test cases page successfully expected [TEST CASES] but found [ TEST CASES]","trace":"java.lang.AssertionError: Verify user is navigated to test cases page successfully expected [TEST CASES] but found [ TEST CASES]\r\n\tat org.testng.Assert.fail(Assert.java:110)\r\n\tat org.testng.Assert.failNotEquals(Assert.java:1577)\r\n\tat org.testng.Assert.assertEqualsImpl(Assert.java:149)\r\n\tat org.testng.Assert.assertEquals(Assert.java:131)\r\n\tat org.testng.Assert.assertEquals(Assert.java:655)\r\n\tat com.automationexercise.tests.TestCase7.verifyUserIsNavigatedToTestCasesPageSuccessfully(TestCase7.java:32)\r\n\tat com.automationexercise.tests.TestCase7.verifyTestCasesPage(TestCase7.java:23)\r\n\tat java.base/jdk.internal.reflect.DirectMethodHandleAccessor.invoke(DirectMethodHandleAccessor.java:103)\r\n\tat java.base/java.lang.reflect.Method.invoke(Method.java:580)\r\n\tat org.testng.internal.invokers.MethodInvocationHelper.invokeMethod(MethodInvocationHelper.java:139)\r\n\tat org.testng.internal.invokers.TestInvoker.invokeMethod(TestInvoker.java:677)\r\n\tat org.testng.internal.invokers.TestInvoker.invokeTestMethod(TestInvoker.java:221)\r\n\tat org.testng.internal.invokers.MethodRunner.runInSequence(MethodRunner.java:50)\r\n\tat org.testng.internal.invokers.TestInvoker$MethodInvocationAgent.invoke(TestInvoker.java:969)\r\n\tat org.testng.internal.invokers.TestInvoker.invokeTestMethods(TestInvoker.java:194)\r\n\tat org.testng.internal.invokers.TestMethodWorker.invokeTestMethods(TestMethodWorker.java:148)\r\n\tat org.testng.internal.invokers.TestMethodWorker.run(TestMethodWorker.java:128)\r\n\tat java.base/java.util.concurrent.ThreadPoolExecutor.runWorker(ThreadPoolExecutor.java:1144)\r\n\tat java.base/java.util.concurrent.ThreadPoolExecutor$Worker.run(ThreadPoolExecutor.java:642)\r\n\tat java.base/java.lang.Thread.run(Thread.java:1570)\r\n"},"stage":"finished","description":"1. Launch browser\n2. Navigate to url 'http://automationexercise.com'\n3. Verify that home page is visible successfully\n4. Click on 'Test Cases' button\n5. Verify user is navigated to test cases page successfully","steps":[{"name":"Verify that home page is visible successfully","status":"passed","stage":"finished","steps":[],"attachments":[],"parameters":[],"start":1733391794363,"stop":1733391794385},{"name":"Verify user is navigated to test cases page successfully","status":"failed","statusDetails":{"known":false,"muted":false,"flaky":false,"message":"Verify user is navigated to test cases page successfully expected [TEST CASES] but found [ TEST CASES]","trace":"java.lang.AssertionError: Verify user is navigated to test cases page successfully expected [TEST CASES] but found [ TEST CASES]\r\n\tat org.testng.Assert.fail(Assert.java:110)\r\n\tat org.testng.Assert.failNotEquals(Assert.java:1577)\r\n\tat org.testng.Assert.assertEqualsImpl(Assert.java:149)\r\n\tat org.testng.Assert.assertEquals(Assert.java:131)\r\n\tat org.testng.Assert.assertEquals(Assert.java:655)\r\n\tat com.automationexercise.tests.TestCase7.verifyUserIsNavigatedToTestCasesPageSuccessfully(TestCase7.java:32)\r\n\tat com.automationexercise.tests.TestCase7.verifyTestCasesPage(TestCase7.java:23)\r\n\tat java.base/jdk.internal.reflect.DirectMethodHandleAccessor.invoke(DirectMethodHandleAccessor.java:103)\r\n\tat java.base/java.lang.reflect.Method.invoke(Method.java:580)\r\n\tat org.testng.internal.invokers.MethodInvocationHelper.invokeMethod(MethodInvocationHelper.java:139)\r\n\tat org.testng.internal.invokers.TestInvoker.invokeMethod(TestInvoker.java:677)\r\n\tat org.testng.internal.invokers.TestInvoker.invokeTestMethod(TestInvoker.java:221)\r\n\tat org.testng.internal.invokers.MethodRunner.runInSequence(MethodRunner.java:50)\r\n\tat org.testng.internal.invokers.TestInvoker$MethodInvocationAgent.invoke(TestInvoker.java:969)\r\n\tat org.testng.internal.invokers.TestInvoker.invokeTestMethods(TestInvoker.java:194)\r\n\tat org.testng.internal.invokers.TestMethodWorker.invokeTestMethods(TestMethodWorker.java:148)\r\n\tat org.testng.internal.invokers.TestMethodWorker.run(TestMethodWorker.java:128)\r\n\tat java.base/java.util.concurrent.ThreadPoolExecutor.runWorker(ThreadPoolExecutor.java:1144)\r\n\tat java.base/java.util.concurrent.ThreadPoolExecutor$Worker.run(ThreadPoolExecutor.java:642)\r\n\tat java.base/java.lang.Thread.run(Thread.java:1570)\r\n"},"stage":"finished","steps":[],"attachments":[],"parameters":[],"start":1733391794385,"stop":1733391795771}],"attachments":[],"parameters":[],"start":1733391794363,"stop":1733391795771}