{"uuid":"c0cc1ddf-34b3-4966-a0ea-f93506fb2b28","historyId":"efa276bb26243c7710fe71fe59d368e4","fullName":"com.automationexercise.tests.TestCase23.verifyAddressDetailsInCheckoutPage","labels":[{"name":"package","value":"com.automationexercise.tests.TestCase23"},{"name":"testClass","value":"com.automationexercise.tests.TestCase23"},{"name":"testMethod","value":"verifyAddressDetailsInCheckoutPage"},{"name":"parentSuite","value":"Suite"},{"name":"suite","value":"Test"},{"name":"subSuite","value":"com.automationexercise.tests.TestCase23"},{"name":"host","value":"MOSS-E3-28"},{"name":"thread","value":"27576@MOSS-E3-28.TestNG-test=Test-1(70)"},{"name":"framework","value":"testng"},{"name":"language","value":"java"},{"name":"story","value":"Verify address details in checkout page"},{"name":"epic","value":"Regression Tests"},{"name":"feature","value":"Verify"},{"name":"severity","value":"critical"}],"links":[],"name":"Test Case 23: Verify address details in checkout page","status":"broken","statusDetails":{"known":false,"muted":false,"flaky":false,"message":"Element <select id=\"years\" class=\"form-control\" name=\"years\"> is not clickable at point (511,637) because another element <iframe id=\"aswift_6\" name=\"aswift_6\" src=\"https://googleads.g.doubleclick.net/pagead/html/r20241209/r20190131/zrt_lookup_fy2021.html#RS-0-&adk=1812271801&client=ca-pub-1677597403311019&fa=1&ifi=7&uci=a!7&btvi=6\"> obscures it\nBuild info: version: '4.9.0', revision: 'd7057100a6'\nSystem info: os.name: 'Windows 11', os.arch: 'amd64', os.version: '10.0', java.version: '22.0.1'\nDriver info: org.openqa.selenium.firefox.FirefoxDriver\nCommand: [6943a686-f94d-4049-a972-b426bd695c6e, clickElement {id=78ad2baf-96f4-4113-ba7f-9d513a03414e}]\nCapabilities {acceptInsecureCerts: true, browserName: firefox, browserVersion: 132.0.1, moz:accessibilityChecks: false, moz:buildID: 20241103194048, moz:geckodriverVersion: 0.35.0, moz:headless: true, moz:platformVersion: 10.0, moz:processID: 16816, moz:profile: C:\\Users\\122100~1.MOS\\AppDa..., moz:shutdownTimeout: 60000, moz:webdriverClick: true, moz:windowless: false, pageLoadStrategy: normal, platformName: WINDOWS, proxy: Proxy(), setWindowRect: true, strictFileInteractability: false, timeouts: {implicit: 0, pageLoad: 300000, script: 30000}, unhandledPromptBehavior: dismiss and notify, userAgent: Mozilla/5.0 (Windows NT 10....}\nElement: [[[[FirefoxDriver: firefox on WINDOWS (6943a686-f94d-4049-a972-b426bd695c6e)] -> id: years]] -> xpath: .//option[@value = \"1996\"]]\nSession ID: 6943a686-f94d-4049-a972-b426bd695c6e","trace":"org.openqa.selenium.ElementClickInterceptedException: Element <select id=\"years\" class=\"form-control\" name=\"years\"> is not clickable at point (511,637) because another element <iframe id=\"aswift_6\" name=\"aswift_6\" src=\"https://googleads.g.doubleclick.net/pagead/html/r20241209/r20190131/zrt_lookup_fy2021.html#RS-0-&adk=1812271801&client=ca-pub-1677597403311019&fa=1&ifi=7&uci=a!7&btvi=6\"> obscures it\nBuild info: version: '4.9.0', revision: 'd7057100a6'\nSystem info: os.name: 'Windows 11', os.arch: 'amd64', os.version: '10.0', java.version: '22.0.1'\nDriver info: org.openqa.selenium.firefox.FirefoxDriver\nCommand: [6943a686-f94d-4049-a972-b426bd695c6e, clickElement {id=78ad2baf-96f4-4113-ba7f-9d513a03414e}]\nCapabilities {acceptInsecureCerts: true, browserName: firefox, browserVersion: 132.0.1, moz:accessibilityChecks: false, moz:buildID: 20241103194048, moz:geckodriverVersion: 0.35.0, moz:headless: true, moz:platformVersion: 10.0, moz:processID: 16816, moz:profile: C:\\Users\\122100~1.MOS\\AppDa..., moz:shutdownTimeout: 60000, moz:webdriverClick: true, moz:windowless: false, pageLoadStrategy: normal, platformName: WINDOWS, proxy: Proxy(), setWindowRect: true, strictFileInteractability: false, timeouts: {implicit: 0, pageLoad: 300000, script: 30000}, unhandledPromptBehavior: dismiss and notify, userAgent: Mozilla/5.0 (Windows NT 10....}\nElement: [[[[FirefoxDriver: firefox on WINDOWS (6943a686-f94d-4049-a972-b426bd695c6e)] -> id: years]] -> xpath: .//option[@value = \"1996\"]]\nSession ID: 6943a686-f94d-4049-a972-b426bd695c6e\r\n\tat java.base/jdk.internal.reflect.DirectConstructorHandleAccessor.newInstance(DirectConstructorHandleAccessor.java:62)\r\n\tat java.base/java.lang.reflect.Constructor.newInstanceWithCaller(Constructor.java:502)\r\n\tat java.base/java.lang.reflect.Constructor.newInstance(Constructor.java:486)\r\n\tat org.openqa.selenium.remote.codec.w3c.W3CHttpResponseCodec.createException(W3CHttpResponseCodec.java:200)\r\n\tat org.openqa.selenium.remote.codec.w3c.W3CHttpResponseCodec.decode(W3CHttpResponseCodec.java:133)\r\n\tat org.openqa.selenium.remote.codec.w3c.W3CHttpResponseCodec.decode(W3CHttpResponseCodec.java:53)\r\n\tat org.openqa.selenium.remote.HttpCommandExecutor.execute(HttpCommandExecutor.java:193)\r\n\tat org.openqa.selenium.remote.service.DriverCommandExecutor.invokeExecute(DriverCommandExecutor.java:183)\r\n\tat org.openqa.selenium.remote.service.DriverCommandExecutor.execute(DriverCommandExecutor.java:158)\r\n\tat org.openqa.selenium.remote.RemoteWebDriver.execute(RemoteWebDriver.java:543)\r\n\tat org.openqa.selenium.remote.RemoteWebElement.execute(RemoteWebElement.java:257)\r\n\tat org.openqa.selenium.remote.RemoteWebElement.click(RemoteWebElement.java:78)\r\n\tat org.openqa.selenium.support.ui.Select.setSelected(Select.java:320)\r\n\tat org.openqa.selenium.support.ui.Select.selectByValue(Select.java:195)\r\n\tat com.automationexercise.pages.EnterAccountInformationPage.fillAccountDetails(EnterAccountInformationPage.java:94)\r\n\tat com.automationexercise.tests.TestCase14.verifyAccountCreatedAndClickContinueButton(TestCase14.java:69)\r\n\tat com.automationexercise.tests.TestCase23.verifyAddressDetailsInCheckoutPage(TestCase23.java:37)\r\n\tat java.base/jdk.internal.reflect.DirectMethodHandleAccessor.invoke(DirectMethodHandleAccessor.java:103)\r\n\tat java.base/java.lang.reflect.Method.invoke(Method.java:580)\r\n\tat org.testng.internal.invokers.MethodInvocationHelper.invokeMethod(MethodInvocationHelper.java:139)\r\n\tat org.testng.internal.invokers.TestInvoker.invokeMethod(TestInvoker.java:677)\r\n\tat org.testng.internal.invokers.TestInvoker.invokeTestMethod(TestInvoker.java:221)\r\n\tat org.testng.internal.invokers.MethodRunner.runInSequence(MethodRunner.java:50)\r\n\tat org.testng.internal.invokers.TestInvoker$MethodInvocationAgent.invoke(TestInvoker.java:969)\r\n\tat org.testng.internal.invokers.TestInvoker.invokeTestMethods(TestInvoker.java:194)\r\n\tat org.testng.internal.invokers.TestMethodWorker.invokeTestMethods(TestMethodWorker.java:148)\r\n\tat org.testng.internal.invokers.TestMethodWorker.run(TestMethodWorker.java:128)\r\n\tat java.base/java.util.concurrent.ThreadPoolExecutor.runWorker(ThreadPoolExecutor.java:1144)\r\n\tat java.base/java.util.concurrent.ThreadPoolExecutor$Worker.run(ThreadPoolExecutor.java:642)\r\n\tat java.base/java.lang.Thread.run(Thread.java:1570)\r\n"},"stage":"finished","description":"1. Launch browser\n2. Navigate to url 'http://automationexercise.com'\n3. Verify that home page is visible successfully\n4. Click 'Signup / Login' button\n5. Fill all details in Signup and create account\n6. Verify 'ACCOUNT CREATED!' and click 'Continue' button\n7. Verify ' Logged in as username' at top\n8. Add products to cart\n9. Click 'Cart' button\n10. Verify that cart page is displayed\n11. Click Proceed To Checkout\n12. Verify that the delivery address and the billing address is same address filled at the time registration of account\n13. Click 'Delete Account' button\n14. Verify 'ACCOUNT DELETED!' and click 'Continue' button","steps":[{"name":"Verify that home page is visible successfully","status":"passed","stage":"finished","steps":[],"attachments":[],"parameters":[],"start":1733923126682,"stop":1733923126705},{"name":"Verify 'ACCOUNT CREATED!' and click 'Continue' button","status":"broken","statusDetails":{"known":false,"muted":false,"flaky":false,"message":"Element <select id=\"years\" class=\"form-control\" name=\"years\"> is not clickable at point (511,637) because another element <iframe id=\"aswift_6\" name=\"aswift_6\" src=\"https://googleads.g.doubleclick.net/pagead/html/r20241209/r20190131/zrt_lookup_fy2021.html#RS-0-&adk=1812271801&client=ca-pub-1677597403311019&fa=1&ifi=7&uci=a!7&btvi=6\"> obscures it\nBuild info: version: '4.9.0', revision: 'd7057100a6'\nSystem info: os.name: 'Windows 11', os.arch: 'amd64', os.version: '10.0', java.version: '22.0.1'\nDriver info: org.openqa.selenium.firefox.FirefoxDriver\nCommand: [6943a686-f94d-4049-a972-b426bd695c6e, clickElement {id=78ad2baf-96f4-4113-ba7f-9d513a03414e}]\nCapabilities {acceptInsecureCerts: true, browserName: firefox, browserVersion: 132.0.1, moz:accessibilityChecks: false, moz:buildID: 20241103194048, moz:geckodriverVersion: 0.35.0, moz:headless: true, moz:platformVersion: 10.0, moz:processID: 16816, moz:profile: C:\\Users\\122100~1.MOS\\AppDa..., moz:shutdownTimeout: 60000, moz:webdriverClick: true, moz:windowless: false, pageLoadStrategy: normal, platformName: WINDOWS, proxy: Proxy(), setWindowRect: true, strictFileInteractability: false, timeouts: {implicit: 0, pageLoad: 300000, script: 30000}, unhandledPromptBehavior: dismiss and notify, userAgent: Mozilla/5.0 (Windows NT 10....}\nElement: [[[[FirefoxDriver: firefox on WINDOWS (6943a686-f94d-4049-a972-b426bd695c6e)] -> id: years]] -> xpath: .//option[@value = \"1996\"]]\nSession ID: 6943a686-f94d-4049-a972-b426bd695c6e","trace":"org.openqa.selenium.ElementClickInterceptedException: Element <select id=\"years\" class=\"form-control\" name=\"years\"> is not clickable at point (511,637) because another element <iframe id=\"aswift_6\" name=\"aswift_6\" src=\"https://googleads.g.doubleclick.net/pagead/html/r20241209/r20190131/zrt_lookup_fy2021.html#RS-0-&adk=1812271801&client=ca-pub-1677597403311019&fa=1&ifi=7&uci=a!7&btvi=6\"> obscures it\nBuild info: version: '4.9.0', revision: 'd7057100a6'\nSystem info: os.name: 'Windows 11', os.arch: 'amd64', os.version: '10.0', java.version: '22.0.1'\nDriver info: org.openqa.selenium.firefox.FirefoxDriver\nCommand: [6943a686-f94d-4049-a972-b426bd695c6e, clickElement {id=78ad2baf-96f4-4113-ba7f-9d513a03414e}]\nCapabilities {acceptInsecureCerts: true, browserName: firefox, browserVersion: 132.0.1, moz:accessibilityChecks: false, moz:buildID: 20241103194048, moz:geckodriverVersion: 0.35.0, moz:headless: true, moz:platformVersion: 10.0, moz:processID: 16816, moz:profile: C:\\Users\\122100~1.MOS\\AppDa..., moz:shutdownTimeout: 60000, moz:webdriverClick: true, moz:windowless: false, pageLoadStrategy: normal, platformName: WINDOWS, proxy: Proxy(), setWindowRect: true, strictFileInteractability: false, timeouts: {implicit: 0, pageLoad: 300000, script: 30000}, unhandledPromptBehavior: dismiss and notify, userAgent: Mozilla/5.0 (Windows NT 10....}\nElement: [[[[FirefoxDriver: firefox on WINDOWS (6943a686-f94d-4049-a972-b426bd695c6e)] -> id: years]] -> xpath: .//option[@value = \"1996\"]]\nSession ID: 6943a686-f94d-4049-a972-b426bd695c6e\r\n\tat java.base/jdk.internal.reflect.DirectConstructorHandleAccessor.newInstance(DirectConstructorHandleAccessor.java:62)\r\n\tat java.base/java.lang.reflect.Constructor.newInstanceWithCaller(Constructor.java:502)\r\n\tat java.base/java.lang.reflect.Constructor.newInstance(Constructor.java:486)\r\n\tat org.openqa.selenium.remote.codec.w3c.W3CHttpResponseCodec.createException(W3CHttpResponseCodec.java:200)\r\n\tat org.openqa.selenium.remote.codec.w3c.W3CHttpResponseCodec.decode(W3CHttpResponseCodec.java:133)\r\n\tat org.openqa.selenium.remote.codec.w3c.W3CHttpResponseCodec.decode(W3CHttpResponseCodec.java:53)\r\n\tat org.openqa.selenium.remote.HttpCommandExecutor.execute(HttpCommandExecutor.java:193)\r\n\tat org.openqa.selenium.remote.service.DriverCommandExecutor.invokeExecute(DriverCommandExecutor.java:183)\r\n\tat org.openqa.selenium.remote.service.DriverCommandExecutor.execute(DriverCommandExecutor.java:158)\r\n\tat org.openqa.selenium.remote.RemoteWebDriver.execute(RemoteWebDriver.java:543)\r\n\tat org.openqa.selenium.remote.RemoteWebElement.execute(RemoteWebElement.java:257)\r\n\tat org.openqa.selenium.remote.RemoteWebElement.click(RemoteWebElement.java:78)\r\n\tat org.openqa.selenium.support.ui.Select.setSelected(Select.java:320)\r\n\tat org.openqa.selenium.support.ui.Select.selectByValue(Select.java:195)\r\n\tat com.automationexercise.pages.EnterAccountInformationPage.fillAccountDetails(EnterAccountInformationPage.java:94)\r\n\tat com.automationexercise.tests.TestCase14.verifyAccountCreatedAndClickContinueButton(TestCase14.java:69)\r\n\tat com.automationexercise.tests.TestCase23.verifyAddressDetailsInCheckoutPage(TestCase23.java:37)\r\n\tat java.base/jdk.internal.reflect.DirectMethodHandleAccessor.invoke(DirectMethodHandleAccessor.java:103)\r\n\tat java.base/java.lang.reflect.Method.invoke(Method.java:580)\r\n\tat org.testng.internal.invokers.MethodInvocationHelper.invokeMethod(MethodInvocationHelper.java:139)\r\n\tat org.testng.internal.invokers.TestInvoker.invokeMethod(TestInvoker.java:677)\r\n\tat org.testng.internal.invokers.TestInvoker.invokeTestMethod(TestInvoker.java:221)\r\n\tat org.testng.internal.invokers.MethodRunner.runInSequence(MethodRunner.java:50)\r\n\tat org.testng.internal.invokers.TestInvoker$MethodInvocationAgent.invoke(TestInvoker.java:969)\r\n\tat org.testng.internal.invokers.TestInvoker.invokeTestMethods(TestInvoker.java:194)\r\n\tat org.testng.internal.invokers.TestMethodWorker.invokeTestMethods(TestMethodWorker.java:148)\r\n\tat org.testng.internal.invokers.TestMethodWorker.run(TestMethodWorker.java:128)\r\n\tat java.base/java.util.concurrent.ThreadPoolExecutor.runWorker(ThreadPoolExecutor.java:1144)\r\n\tat java.base/java.util.concurrent.ThreadPoolExecutor$Worker.run(ThreadPoolExecutor.java:642)\r\n\tat java.base/java.lang.Thread.run(Thread.java:1570)\r\n"},"stage":"finished","steps":[],"attachments":[],"parameters":[{"name":"name","value":"name11122024141515713"},{"name":"email","value":"email11122024141515713@o2.pl"}],"start":1733923126705,"stop":1733923129741}],"attachments":[],"parameters":[],"start":1733923126682,"stop":1733923129742}